[32m2024-05-29 00:19:46.900[0;39m [35m[background-preinit][0;39m [34m INFO[0;39m [36morg.hibernate.validator.internal.util.Version[0;39m - [33mHV000001: Hibernate Validator 8.0.1.Final
[0;39m[32m2024-05-29 00:19:46.922[0;39m [35m[main][0;39m [34m INFO[0;39m [36mcom.linked.classbridge.ClassBridgeApplication[0;39m - [33mStarting ClassBridgeApplication using Java 17.0.8 with PID 2699 (/Users/soi/IdeaProjects/ClassBridge-BE/build/classes/java/main started by soi in /Users/soi/IdeaProjects/ClassBridge-BE)
[0;39m[32m2024-05-29 00:19:46.923[0;39m [35m[main][0;39m [34m INFO[0;39m [36mcom.linked.classbridge.ClassBridgeApplication[0;39m - [33mNo active profile set, falling back to 1 default profile: "default"
[0;39m[32m2024-05-29 00:19:47.282[0;39m [35m[main][0;39m [34m INFO[0;39m [36morg.springframework.data.repository.config.RepositoryConfigurationDelegate[0;39m - [33mBootstrapping Spring Data JPA repositories in DEFAULT mode.
[0;39m[32m2024-05-29 00:19:47.304[0;39m [35m[main][0;39m [34m INFO[0;39m [36morg.springframework.data.repository.config.RepositoryConfigurationDelegate[0;39m - [33mFinished Spring Data repository scanning in 18 ms. Found 1 JPA repository interface.
[0;39m[32m2024-05-29 00:19:47.578[0;39m [35m[main][0;39m [34m INFO[0;39m [36morg.springframework.boot.web.embedded.tomcat.TomcatWebServer[0;39m - [33mTomcat initialized with port 8080 (http)
[0;39m[32m2024-05-29 00:19:47.585[0;39m [35m[main][0;39m [34m INFO[0;39m [36morg.apache.coyote.http11.Http11NioProtocol[0;39m - [33mInitializing ProtocolHandler ["http-nio-8080"]
[0;39m[32m2024-05-29 00:19:47.586[0;39m [35m[main][0;39m [34m INFO[0;39m [36morg.apache.catalina.core.StandardService[0;39m - [33mStarting service [Tomcat]
[0;39m[32m2024-05-29 00:19:47.586[0;39m [35m[main][0;39m [34m INFO[0;39m [36morg.apache.catalina.core.StandardEngine[0;39m - [33mStarting Servlet engine: [Apache Tomcat/10.1.24]
[0;39m[32m2024-05-29 00:19:47.619[0;39m [35m[main][0;39m [34m INFO[0;39m [36morg.apache.catalina.core.ContainerBase.[Tomcat].[localhost].[/][0;39m - [33mInitializing Spring embedded WebApplicationContext
[0;39m[32m2024-05-29 00:19:47.620[0;39m [35m[main][0;39m [34m INFO[0;39m [36morg.springframework.boot.web.servlet.context.ServletWebServerApplicationContext[0;39m - [33mRoot WebApplicationContext: initialization completed in 681 ms
[0;39m[32m2024-05-29 00:19:47.652[0;39m [35m[main][0;39m [31m WARN[0;39m [36morg.springframework.boot.web.servlet.context.AnnotationConfigServletWebServerApplicationContext[0;39m - [33mException encountered during context initialization - cancelling refresh attempt: org.springframework.beans.factory.BeanCreationException: Error creating bean with name 'entityManagerFactory' defined in class path resource [org/springframework/boot/autoconfigure/orm/jpa/HibernateJpaConfiguration.class]: Failed to initialize dependency 'dataSourceScriptDatabaseInitializer' of LoadTimeWeaverAware bean 'entityManagerFactory': Error creating bean with name 'dataSourceScriptDatabaseInitializer' defined in class path resource [org/springframework/boot/autoconfigure/sql/init/DataSourceInitializationConfiguration.class]: Unsatisfied dependency expressed through method 'dataSourceScriptDatabaseInitializer' parameter 0: Error creating bean with name 'dataSource' defined in class path resource [org/springframework/boot/autoconfigure/jdbc/DataSourceConfiguration$Hikari.class]: Failed to instantiate [com.zaxxer.hikari.HikariDataSource]: Factory method 'dataSource' threw exception with message: Failed to determine a suitable driver class
[0;39m[32m2024-05-29 00:19:47.653[0;39m [35m[main][0;39m [34m INFO[0;39m [36morg.apache.catalina.core.StandardService[0;39m - [33mStopping service [Tomcat]
[0;39m[32m2024-05-29 00:19:47.663[0;39m [35m[main][0;39m [34m INFO[0;39m [36morg.springframework.boot.autoconfigure.logging.ConditionEvaluationReportLogger[0;39m - [33m

Error starting ApplicationContext. To display the condition evaluation report re-run your application with 'debug' enabled.
[0;39m[32m2024-05-29 00:19:47.672[0;39m [35m[main][0;39m [1;31mERROR[0;39m [36morg.springframework.boot.diagnostics.LoggingFailureAnalysisReporter[0;39m - [33m

***************************
APPLICATION FAILED TO START
***************************

Description:

Failed to configure a DataSource: 'url' attribute is not specified and no embedded datasource could be configured.

Reason: Failed to determine a suitable driver class


Action:

Consider the following:
	If you want an embedded database (H2, HSQL or Derby), please put it on the classpath.
	If you have database settings to be loaded from a particular profile you may need to activate it (no profiles are currently active).

[0;39m